This is pdfTeX, Version 3.14159265-2.6-1.40.20 (MiKTeX 2.9.7140 64-bit) (preloaded format=pdflatex 2022.3.27)  29 MAR 2022 20:24
entering extended mode
**./UNIVERSITY-MANAGMENT-SYSTEM.tex
(UNIVERSITY-MANAGMENT-SYSTEM.tex
LaTeX2e <2018-12-01>

("C:\Users\KAILASH NAMDEV\AppData\Local\Programs\MiKTeX 2.9\tex/latex/base\arti
cle.cls"
Document Class: article 2018/09/03 v1.4i Standard LaTeX document class

("C:\Users\KAILASH NAMDEV\AppData\Local\Programs\MiKTeX 2.9\tex/latex/base\size
12.clo"
File: size12.clo 2018/09/03 v1.4i Standard LaTeX file (size option)
)
\c@part=\count80
\c@section=\count81
\c@subsection=\count82
\c@subsubsection=\count83
\c@paragraph=\count84
\c@subparagraph=\count85
\c@figure=\count86
\c@table=\count87
\abovecaptionskip=\skip41
\belowcaptionskip=\skip42
\bibindent=\dimen102
)
("C:\Users\KAILASH NAMDEV\AppData\Local\Programs\MiKTeX 2.9\tex/latex/base\inpu
tenc.sty"
Package: inputenc 2018/08/11 v1.3c Input encoding file
\inpenc@prehook=\toks14
\inpenc@posthook=\toks15
)
("C:\Users\KAILASH NAMDEV\AppData\Local\Programs\MiKTeX 2.9\tex/latex/geometry\
geometry.sty"
Package: geometry 2018/04/16 v5.8 Page Geometry

("C:\Users\KAILASH NAMDEV\AppData\Local\Programs\MiKTeX 2.9\tex/latex/graphics\
keyval.sty"
Package: keyval 2014/10/28 v1.15 key=value parser (DPC)
\KV@toks@=\toks16
)
("C:\Users\KAILASH NAMDEV\AppData\Local\Programs\MiKTeX 2.9\tex/generic/oberdie
k\ifpdf.sty"
Package: ifpdf 2018/09/07 v3.3 Provides the ifpdf switch
)
("C:\Users\KAILASH NAMDEV\AppData\Local\Programs\MiKTeX 2.9\tex/generic/oberdie
k\ifvtex.sty"
Package: ifvtex 2016/05/16 v1.6 Detect VTeX and its facilities (HO)
Package ifvtex Info: VTeX not detected.
)
("C:\Users\KAILASH NAMDEV\AppData\Local\Programs\MiKTeX 2.9\tex/generic/ifxetex
\ifxetex.sty"
Package: ifxetex 2010/09/12 v0.6 Provides ifxetex conditional
)
\Gm@cnth=\count88
\Gm@cntv=\count89
\c@Gm@tempcnt=\count90
\Gm@bindingoffset=\dimen103
\Gm@wd@mp=\dimen104
\Gm@odd@mp=\dimen105
\Gm@even@mp=\dimen106
\Gm@layoutwidth=\dimen107
\Gm@layoutheight=\dimen108
\Gm@layouthoffset=\dimen109
\Gm@layoutvoffset=\dimen110
\Gm@dimlist=\toks17

("C:\Users\KAILASH NAMDEV\AppData\Local\Programs\MiKTeX 2.9\tex/latex/geometry\
geometry.cfg")) (UNIVERSITY-MANAGMENT-SYSTEM.aux)
\openout1 = `UNIVERSITY-MANAGMENT-SYSTEM.aux'.

LaTeX Font Info:    Checking defaults for OML/cmm/m/it on input line 10.
LaTeX Font Info:    ... okay on input line 10.
LaTeX Font Info:    Checking defaults for T1/cmr/m/n on input line 10.
LaTeX Font Info:    ... okay on input line 10.
LaTeX Font Info:    Checking defaults for OT1/cmr/m/n on input line 10.
LaTeX Font Info:    ... okay on input line 10.
LaTeX Font Info:    Checking defaults for OMS/cmsy/m/n on input line 10.
LaTeX Font Info:    ... okay on input line 10.
LaTeX Font Info:    Checking defaults for OMX/cmex/m/n on input line 10.
LaTeX Font Info:    ... okay on input line 10.
LaTeX Font Info:    Checking defaults for U/cmr/m/n on input line 10.
LaTeX Font Info:    ... okay on input line 10.

*geometry* driver: auto-detecting
*geometry* detected driver: pdftex
*geometry* verbose mode - [ preamble ] result:
* driver: pdftex
* paper: letterpaper
* layout: <same size as paper>
* layoutoffset:(h,v)=(0.0pt,0.0pt)
* modes: 
* h-part:(L,W,R)=(72.26999pt, 469.75502pt, 72.26999pt)
* v-part:(T,H,B)=(72.26999pt, 650.43001pt, 72.26999pt)
* \paperwidth=614.295pt
* \paperheight=794.96999pt
* \textwidth=469.75502pt
* \textheight=650.43001pt
* \oddsidemargin=0.0pt
* \evensidemargin=0.0pt
* \topmargin=-37.0pt
* \headheight=12.0pt
* \headsep=25.0pt
* \topskip=12.0pt
* \footskip=30.0pt
* \marginparwidth=44.0pt
* \marginparsep=10.0pt
* \columnsep=10.0pt
* \skip\footins=10.8pt plus 4.0pt minus 2.0pt
* \hoffset=0.0pt
* \voffset=0.0pt
* \mag=1000
* \@twocolumnfalse
* \@twosidefalse
* \@mparswitchfalse
* \@reversemarginfalse
* (1in=72.27pt=25.4mm, 1cm=28.453pt)


Underfull \hbox (badness 10000) in paragraph at lines 38--55

 []

[1

{C:/Users/KAILASH NAMDEV/AppData/Local/MiKTeX/2.9/pdftex/config/pdftex.map}]
[2] [3] [4] [5] [6] (UNIVERSITY-MANAGMENT-SYSTEM.aux) ) 
Here is how much of TeX's memory you used:
 766 strings out of 492895
 11588 string characters out of 3119530
 81815 words of memory out of 3000000
 4739 multiletter control sequences out of 15000+200000
 6056 words of font info for 22 fonts, out of 3000000 for 9000
 1141 hyphenation exceptions out of 8191
 24i,4n,32p,1190b,135s stack positions out of 5000i,500n,10000p,200000b,50000s
<C:/Users/KAILASH NAMDEV
/AppData/Local/Programs/MiKTeX 2.9/fonts/type1/public/amsfonts/cm/cmbx10.pfb><C
:/Users/KAILASH NAMDEV/AppData/Local/Programs/MiKTeX 2.9/fonts/type1/public/ams
fonts/cm/cmbx12.pfb><C:/Users/KAILASH NAMDEV/AppData/Local/Programs/MiKTeX 2.9/
fonts/type1/public/amsfonts/cm/cmr10.pfb><C:/Users/KAILASH NAMDEV/AppData/Local
/Programs/MiKTeX 2.9/fonts/type1/public/amsfonts/cm/cmr12.pfb><C:/Users/KAILASH
 NAMDEV/AppData/Local/Programs/MiKTeX 2.9/fonts/type1/public/amsfonts/cm/cmr17.
pfb>
Output written on UNIVERSITY-MANAGMENT-SYSTEM.pdf (6 pages, 93021 bytes).
PDF statistics:
 41 PDF objects out of 1000 (max. 8388607)
 0 named destinations out of 1000 (max. 500000)
 1 words of extra memory for PDF output out of 10000 (max. 10000000)

